0 info it worked if it ends with ok
1 verbose cli [ 'C:\\Program Files\\nodejs\\node.exe',
1 verbose cli   'C:\\Program Files\\nodejs\\node_modules\\npm\\bin\\npm-cli.js',
1 verbose cli   'start' ]
2 info using npm@3.10.10
3 info using node@v6.10.1
4 verbose run-script [ 'prestart', 'start', 'poststart' ]
5 info lifecycle hello-koa2@1.0.0~prestart: hello-koa2@1.0.0
6 silly lifecycle hello-koa2@1.0.0~prestart: no script for prestart, continuing
7 info lifecycle hello-koa2@1.0.0~start: hello-koa2@1.0.0
8 verbose lifecycle hello-koa2@1.0.0~start: unsafe-perm in lifecycle true
9 verbose lifecycle hello-koa2@1.0.0~start: PATH: C:\Program Files\nodejs\node_modules\npm\bin\node-gyp-bin;D:\project\web_study\github\KOA\node_modules\.bin;D:\Software\ConEmuPack.170807\ConEmu\Scripts;D:\Software\ConEmuPack.170807;D:\Software\ConEmuPack.170807\ConEmu;C:\PROGRA~2\Borland\CBUILD~1\Bin;C:\PROGRA~2\Borland\CBUILD~1\Projects\Bpl;.;D:\tmp\solr\apache-tomcat-7.0.47\lib;D:\tmp\solr\apache-tomcat-7.0.47\bin;C:\Program Files\Java\jdk1.8.0_60\bin;C:\Program Files\Java\jdk1.8.0_60\jre\bin;C:\Program Files\Git\bin;C:\Python27;C:\ProgramData\Oracle\Java\javapath;C:\Users\shenbinghui;C:\Program Files (x86)\Common Files\NetSarang;C:\Program Files (x86)\Common Files\Intel\Shared Files\cpp\bin\Intel64;C:\Program Files (x86)\Qualcomm\QDART\\bin;C:\Program Files (x86)\NVIDIA Corporation\PhysX\Common;C:\Program Files (x86)\Intel\iCLS Client\;C:\Program Files\Intel\iCLS Client\;C:\Windows\system32;C:\Windows;C:\Windows\System32\Wbem;C:\Windows\System32\WindowsPowerShell\v1.0\;C:\Program Files\Intel\Intel(R) Management Engine Components\DAL;C:\Program Files\Intel\Intel(R) Management Engine Components\IPT;C:\Program Files (x86)\Intel\Intel(R) Management Engine Components\DAL;C:\Program Files (x86)\Intel\Intel(R) Management Engine Components\IPT;C:\Program Files (x86)\Microsoft SQL Server\100\Tools\Binn\;C:\Program Files\Microsoft SQL Server\100\Tools\Binn\;C:\Program Files\Microsoft SQL Server\100\DTS\Binn\;D:\Software\Eclipse\adt-bundle-windows-x86_64-20131030\eclipse\plugins\org.apache.ant_1.8.3.v201301120609\bin;C:\PROGRA~2\Borland\CBUILD~1\Bin;C:\PROGRA~2\Borland\CBUILD~1\Projects\Bpl;.;D:\tmp\solr\apache-tomcat-7.0.47\lib;D:\tmp\solr\apache-tomcat-7.0.47\bin;C:\Program Files\Java\jdk1.8.0_60\bin;C:\Program Files\Java\jdk1.8.0_60\jre\bin;C:\Program Files\Git\bin;C:\Python27;C:\ProgramData\Oracle\Java\javapath;C:\Users\shenbinghui;C:\Program Files (x86)\Common Files\NetSarang;C:\Program Files (x86)\Common Files\Intel\Shared Files\cpp\bin\Intel64;C:\Program Files (x86)\Qualcomm\QDART\\bin;C:\Program Files (x86)\NVIDIA Corporation\PhysX\Common;C:\Program Files (x86)\Intel\iCLS Client\;C:\Program Files\Intel\iCLS Client\;C:\Windows\system32;C:\Windows;C:\Windows\System32\Wbem;C:\Windows\System32\WindowsPowerShell\v1.0\;C:\Program Files\Intel\Intel(R) Management Engine Components\DAL;C:\Program Files\Intel\Intel(R) Management Engine Components\IPT;C:\Program Files (x86)\Intel\Intel(R) Management Engine Components\DAL;C:\Program Files (x86)\Intel\Intel(R) Management Engine Components\IPT;C:\Program Files (x86)\Microsoft SQL Server\100\Tools\Binn\;C:\Program Files\Microsoft SQL Server\100\Tools\Binn\;C:\Program Files\Microsoft SQL Server\100\DTS\Binn\;D:\Software\Eclipse\adt-bundle-windows-x86_64-20131030\eclipse\plugins\org.apache.ant_1.8.3.v201301120609\bin;C:\PROGRA~2\Borland\CBUILD~1\Bin;C:\PROGRA~2\Borland\CBUILD~1\Projects\Bpl;.;D:\tmp\solr\apache-tomcat-7.0.47\lib;D:\tmp\solr\apache-tomcat-7.0.47\bin;C:\Program Files\Java\jdk1.8.0_60\bin;C:\Program Files\Java\jdk1.8.0_60\jre\bin;C:\Program Files\Git\bin;C:\Python27;C:\ProgramData\Oracle\Java\javapath;C:\Users\shenbinghui;C:\Program Files (x86)\Common Files\NetSarang;C:\Program Files (x86)\Common Files\Intel\Shared Files\cpp\bin\Intel64;C:\Program Files (x86)\Qualcomm\QDART\\bin;C:\Program Files (x86)\NVIDIA Corporation\PhysX\Common;C:\Program Files (x86)\Intel\iCLS Client\;C:\Program Files\Intel\iCLS Client\;C:\Windows\system32;C:\Windows;C:\Windows\System32\Wbem;C:\Windows\System32\WindowsPowerShell\v1.0\;C:\Program Files\Intel\Intel(R) Management Engine Components\DAL;C:\Program Files\Intel\Intel(R) Management Engine Components\IPT;C:\Program Files (x86)\Intel\Intel(R) Management Engine Components\DAL;C:\Program Files (x86)\Intel\Intel(R) Management Engine Components\IPT;C:\Program Files (x86)\Microsoft SQL Server\100\Tools\Binn\;C:\Program Files\Microsoft SQL Server\100\Tools\Binn\;C:\Program Files\Microsoft SQL Server\100\DTS\Binn\;D:\Software\Eclipse\adt-bundle-windows-x86_64-20131030\eclipse\plugins\org.apache.ant_1.8.3.v201301120609\bin;C:\Windows\System32;D:\Software\Eclipse\adt-bundle-windows-x86_64-20131030\sdk\tools;D:\Software\Eclipse\adt-bundle-windows-x86_64-20131030\sdk\platform-tools;C:\VXIPNP\WinNT\Bin\;C:\Program Files\IVI Foundation\VISA\Win64\Bin\;D:\Software\Eclipse\adt-bundle-windows-x86_64-20131030\sdk\tools;D:\S;C:\Program Files\nodejs;C:\Users\shenbinghui\Desktop\borlandcbuilderv60\Borland C++ Builder V6.0\CBuilder6\system32exe,2;C:\Users\shenbinghui\Desktop\borlandcbuilderv60\Borland C++ Builder V6.0\CBuilder6\bin-枼M;C:\Users\shenbinghui\Desktop\borlandcbuilderv60\Borland C++ Builder V6.0\CBuilder6\system3230\eclipse\plugins\org.apache.ant_1.8.3.v201301120609\bin;C:\Program Files (x86)\SSH Communications Security\SSH Secure Shell;C:\Users\shenbinghui\AppData\Roaming\npm;C:\Users\shenbinghui\Desktop\borlandcbuilderv60\Borland C++ Builde0bM;C:\Users\shenbinghui\Desktop\borlandcbuilderv60\Borland C++ Builder V6.0\CBuilder6\binM
10 verbose lifecycle hello-koa2@1.0.0~start: CWD: D:\project\web_study\github\KOA
11 silly lifecycle hello-koa2@1.0.0~start: Args: [ '/d /s /c', 'node app.js' ]
12 silly lifecycle hello-koa2@1.0.0~start: Returned: code: 1  signal: null
13 info lifecycle hello-koa2@1.0.0~start: Failed to exec start script
14 verbose stack Error: hello-koa2@1.0.0 start: `node app.js`
14 verbose stack Exit status 1
14 verbose stack     at EventEmitter.<anonymous> (C:\Program Files\nodejs\node_modules\npm\lib\utils\lifecycle.js:255:16)
14 verbose stack     at emitTwo (events.js:106:13)
14 verbose stack     at EventEmitter.emit (events.js:191:7)
14 verbose stack     at ChildProcess.<anonymous> (C:\Program Files\nodejs\node_modules\npm\lib\utils\spawn.js:40:14)
14 verbose stack     at emitTwo (events.js:106:13)
14 verbose stack     at ChildProcess.emit (events.js:191:7)
14 verbose stack     at maybeClose (internal/child_process.js:886:16)
14 verbose stack     at Process.ChildProcess._handle.onexit (internal/child_process.js:226:5)
15 verbose pkgid hello-koa2@1.0.0
16 verbose cwd D:\project\web_study\github\KOA
17 error Windows_NT 6.3.9600
18 error argv "C:\\Program Files\\nodejs\\node.exe" "C:\\Program Files\\nodejs\\node_modules\\npm\\bin\\npm-cli.js" "start"
19 error node v6.10.1
20 error npm  v3.10.10
21 error code ELIFECYCLE
22 error hello-koa2@1.0.0 start: `node app.js`
22 error Exit status 1
23 error Failed at the hello-koa2@1.0.0 start script 'node app.js'.
23 error Make sure you have the latest version of node.js and npm installed.
23 error If you do, this is most likely a problem with the hello-koa2 package,
23 error not with npm itself.
23 error Tell the author that this fails on your system:
23 error     node app.js
23 error You can get information on how to open an issue for this project with:
23 error     npm bugs hello-koa2
23 error Or if that isn't available, you can get their info via:
23 error     npm owner ls hello-koa2
23 error There is likely additional logging output above.
24 verbose exit [ 1, true ]
